<?xml version="1.0" encoding="UTF-8"?>
<!-- Generated by org.testng.reporters.JUnitReportReporter -->
<testsuite skipped="0" hostname="INFHM04-PC49" name="sample1.test1" tests="1" failures="0" timestamp="06 Mar 2022 06:01:05 GMT" time="5.647" errors="0">
  <testcase name="validateGoogle" time="5.647" classname="sample1.test1"/>
</testsuite> <!-- sample1.test1 -->
